2022-09-14 00:26:46 info: =================================
2022-09-14 00:26:46 info: ======= ENV: development =======
2022-09-14 00:26:46 info: 🚀 App listening on the port 3000
2022-09-14 00:26:46 info: =================================
2022-09-14 18:04:54 info: =================================
2022-09-14 18:04:54 info: ======= ENV: development =======
2022-09-14 18:04:54 info: 🚀 App listening on the port 3000
2022-09-14 18:04:54 info: =================================
2022-09-14 18:08:26 info: =================================
2022-09-14 18:08:26 info: ======= ENV: development =======
2022-09-14 18:08:26 info: 🚀 App listening on the port 3000
2022-09-14 18:08:26 info: =================================
2022-09-14 18:08:59 info: =================================
2022-09-14 18:08:59 info: ======= ENV: development =======
2022-09-14 18:08:59 info: 🚀 App listening on the port 3000
2022-09-14 18:08:59 info: =================================
2022-09-14 18:09:09 info: [0mGET / [33m404[0m 3.759 ms - 139[0m
2022-09-14 18:10:46 info: =================================
2022-09-14 18:10:46 info: ======= ENV: development =======
2022-09-14 18:10:46 info: 🚀 App listening on the port 3000
2022-09-14 18:10:46 info: =================================
2022-09-14 18:14:10 info: =================================
2022-09-14 18:14:10 info: ======= ENV: development =======
2022-09-14 18:14:10 info: 🚀 App listening on the port 3000
2022-09-14 18:14:10 info: =================================
2022-09-14 18:14:28 info: =================================
2022-09-14 18:14:28 info: ======= ENV: development =======
2022-09-14 18:14:28 info: 🚀 App listening on the port 3000
2022-09-14 18:14:28 info: =================================
2022-09-14 18:15:18 info: =================================
2022-09-14 18:15:18 info: ======= ENV: development =======
2022-09-14 18:15:18 info: 🚀 App listening on the port 3000
2022-09-14 18:15:18 info: =================================
2022-09-14 18:15:43 info: =================================
2022-09-14 18:15:43 info: ======= ENV: development =======
2022-09-14 18:15:43 info: 🚀 App listening on the port 3000
2022-09-14 18:15:43 info: =================================
2022-09-14 18:16:20 info: =================================
2022-09-14 18:16:20 info: ======= ENV: development =======
2022-09-14 18:16:20 info: 🚀 App listening on the port 3000
2022-09-14 18:16:20 info: =================================
2022-09-14 18:33:09 info: =================================
2022-09-14 18:33:09 info: ======= ENV: development =======
2022-09-14 18:33:09 info: 🚀 App listening on the port 3000
2022-09-14 18:33:09 info: =================================
2022-09-14 18:33:39 info: =================================
2022-09-14 18:33:39 info: ======= ENV: development =======
2022-09-14 18:33:39 info: 🚀 App listening on the port 3000
2022-09-14 18:33:39 info: =================================
2022-09-14 18:34:28 info: =================================
2022-09-14 18:34:28 info: ======= ENV: development =======
2022-09-14 18:34:28 info: 🚀 App listening on the port 3000
2022-09-14 18:34:28 info: =================================
2022-09-14 18:34:57 info: =================================
2022-09-14 18:34:57 info: ======= ENV: development =======
2022-09-14 18:34:57 info: 🚀 App listening on the port 3000
2022-09-14 18:34:57 info: =================================
2022-09-14 18:35:47 info: =================================
2022-09-14 18:35:47 info: ======= ENV: development =======
2022-09-14 18:35:47 info: 🚀 App listening on the port 3000
2022-09-14 18:35:47 info: =================================
2022-09-14 18:36:43 info: =================================
2022-09-14 18:36:43 info: ======= ENV: development =======
2022-09-14 18:36:43 info: 🚀 App listening on the port 3000
2022-09-14 18:36:43 info: =================================
2022-09-14 18:36:50 info: =================================
2022-09-14 18:36:50 info: ======= ENV: development =======
2022-09-14 18:36:50 info: 🚀 App listening on the port 3000
2022-09-14 18:36:50 info: =================================
2022-09-14 18:36:56 info: =================================
2022-09-14 18:36:56 info: ======= ENV: development =======
2022-09-14 18:36:56 info: 🚀 App listening on the port 3000
2022-09-14 18:36:56 info: =================================
2022-09-14 18:37:00 info: =================================
2022-09-14 18:37:00 info: ======= ENV: development =======
2022-09-14 18:37:00 info: 🚀 App listening on the port 3000
2022-09-14 18:37:00 info: =================================
2022-09-14 18:37:08 info: =================================
2022-09-14 18:37:08 info: ======= ENV: development =======
2022-09-14 18:37:08 info: 🚀 App listening on the port 3000
2022-09-14 18:37:08 info: =================================
2022-09-14 18:37:22 info: =================================
2022-09-14 18:37:22 info: ======= ENV: development =======
2022-09-14 18:37:22 info: 🚀 App listening on the port 3000
2022-09-14 18:37:22 info: =================================
2022-09-14 18:37:41 info: [0mGET / [33m404[0m 3.803 ms - 139[0m
2022-09-14 18:37:52 info: [0mGET /api-docs/ [36m304[0m 2.788 ms - -[0m
2022-09-14 18:37:52 info: [0mGET /api-docs/swagger-ui.css [36m304[0m 2.504 ms - -[0m
2022-09-14 18:37:52 info: [0mGET /api-docs/swagger-ui-init.js [36m304[0m 0.384 ms - -[0m
2022-09-14 18:37:52 info: [0mGET /api-docs/swagger-ui-bundle.js [36m304[0m 2.832 ms - -[0m
2022-09-14 18:37:52 info: [0mGET /api-docs/swagger-ui-standalone-preset.js [36m304[0m 3.684 ms - -[0m
2022-09-14 18:37:53 info: [0mGET /api-docs/favicon-32x32.png [36m304[0m 0.452 ms - -[0m
2022-09-14 18:39:59 info: =================================
2022-09-14 18:39:59 info: ======= ENV: development =======
2022-09-14 18:39:59 info: 🚀 App listening on the port 3000
2022-09-14 18:39:59 info: =================================
2022-09-14 18:40:01 info: =================================
2022-09-14 18:40:01 info: ======= ENV: development =======
2022-09-14 18:40:01 info: 🚀 App listening on the port 3000
2022-09-14 18:40:01 info: =================================
2022-09-14 18:40:14 info: [0mGET /acronym?from=0&limit=5&search=1 [32m200[0m 2991.612 ms - -[0m
2022-09-14 18:44:21 info: =================================
2022-09-14 18:44:21 info: ======= ENV: development =======
2022-09-14 18:44:21 info: 🚀 App listening on the port 3000
2022-09-14 18:44:21 info: =================================
2022-09-14 18:44:23 info: =================================
2022-09-14 18:44:23 info: ======= ENV: development =======
2022-09-14 18:44:23 info: 🚀 App listening on the port 3000
2022-09-14 18:44:23 info: =================================
2022-09-14 18:44:36 info: =================================
2022-09-14 18:44:36 info: ======= ENV: development =======
2022-09-14 18:44:36 info: 🚀 App listening on the port 3000
2022-09-14 18:44:36 info: =================================
2022-09-14 18:44:38 info: =================================
2022-09-14 18:44:38 info: ======= ENV: development =======
2022-09-14 18:44:38 info: 🚀 App listening on the port 3000
2022-09-14 18:44:38 info: =================================
2022-09-14 18:52:08 info: =================================
2022-09-14 18:52:08 info: ======= ENV: development =======
2022-09-14 18:52:08 info: 🚀 App listening on the port 3000
2022-09-14 18:52:08 info: =================================
2022-09-14 18:52:12 info: =================================
2022-09-14 18:52:12 info: ======= ENV: development =======
2022-09-14 18:52:12 info: 🚀 App listening on the port 3000
2022-09-14 18:52:12 info: =================================
2022-09-14 18:52:16 info: =================================
2022-09-14 18:52:16 info: ======= ENV: development =======
2022-09-14 18:52:16 info: 🚀 App listening on the port 3000
2022-09-14 18:52:16 info: =================================
2022-09-14 18:53:07 info: =================================
2022-09-14 18:53:07 info: ======= ENV: development =======
2022-09-14 18:53:07 info: 🚀 App listening on the port 3000
2022-09-14 18:53:07 info: =================================
2022-09-14 18:54:29 info: [0mGET /acronym?from=0&limit=5&search=1 [36m304[0m 5173.847 ms - -[0m
2022-09-14 18:54:53 info: =================================
2022-09-14 18:54:53 info: ======= ENV: development =======
2022-09-14 18:54:53 info: 🚀 App listening on the port 3000
2022-09-14 18:54:53 info: =================================
2022-09-14 18:54:58 info: =================================
2022-09-14 18:54:58 info: ======= ENV: development =======
2022-09-14 18:54:58 info: 🚀 App listening on the port 3000
2022-09-14 18:54:58 info: =================================
2022-09-14 18:55:09 info: [0mGET /acronym?from=0&limit=5&search=1 [36m304[0m 8497.424 ms - -[0m
2022-09-14 18:55:19 info: =================================
2022-09-14 18:55:19 info: ======= ENV: development =======
2022-09-14 18:55:19 info: 🚀 App listening on the port 3000
2022-09-14 18:55:19 info: =================================
2022-09-14 18:55:22 info: =================================
2022-09-14 18:55:22 info: ======= ENV: development =======
2022-09-14 18:55:22 info: 🚀 App listening on the port 3000
2022-09-14 18:55:22 info: =================================
2022-09-14 18:55:36 info: [0mGET /acronym?from=0&limit=5&search=1 [32m200[0m 2012.399 ms - 28[0m
2022-09-14 18:55:53 info: =================================
2022-09-14 18:55:53 info: ======= ENV: development =======
2022-09-14 18:55:53 info: 🚀 App listening on the port 3000
2022-09-14 18:55:53 info: =================================
2022-09-14 18:58:44 info: =================================
2022-09-14 18:58:44 info: ======= ENV: development =======
2022-09-14 18:58:44 info: 🚀 App listening on the port 3000
2022-09-14 18:58:44 info: =================================
2022-09-14 18:58:50 info: =================================
2022-09-14 18:58:50 info: ======= ENV: development =======
2022-09-14 18:58:50 info: 🚀 App listening on the port 3000
2022-09-14 18:58:50 info: =================================
2022-09-14 18:58:57 info: =================================
2022-09-14 18:58:57 info: ======= ENV: development =======
2022-09-14 18:58:57 info: 🚀 App listening on the port 3000
2022-09-14 18:58:57 info: =================================
2022-09-14 18:59:16 info: =================================
2022-09-14 18:59:16 info: ======= ENV: development =======
2022-09-14 18:59:16 info: 🚀 App listening on the port 3000
2022-09-14 18:59:16 info: =================================
2022-09-14 18:59:20 info: =================================
2022-09-14 18:59:20 info: ======= ENV: development =======
2022-09-14 18:59:20 info: 🚀 App listening on the port 3000
2022-09-14 18:59:20 info: =================================
2022-09-14 18:59:32 info: [0mGET /acronym?from=0&limit=5&search=1 [32m200[0m 2361.702 ms - -[0m
2022-09-14 18:59:46 info: =================================
2022-09-14 18:59:46 info: ======= ENV: development =======
2022-09-14 18:59:46 info: 🚀 App listening on the port 3000
2022-09-14 18:59:46 info: =================================
2022-09-14 18:59:49 info: =================================
2022-09-14 18:59:49 info: ======= ENV: development =======
2022-09-14 18:59:49 info: 🚀 App listening on the port 3000
2022-09-14 18:59:49 info: =================================
2022-09-14 19:00:01 info: [0mGET /acronym?from=0&limit=5&search=K [32m200[0m 1991.505 ms - 28[0m
2022-09-14 19:00:11 info: =================================
2022-09-14 19:00:11 info: ======= ENV: development =======
2022-09-14 19:00:11 info: 🚀 App listening on the port 3000
2022-09-14 19:00:11 info: =================================
2022-09-14 19:00:19 info: [0mGET /acronym?from=0&limit=5&search=K [36m304[0m 5052.093 ms - -[0m
2022-09-14 19:01:54 info: =================================
2022-09-14 19:01:54 info: ======= ENV: development =======
2022-09-14 19:01:54 info: 🚀 App listening on the port 3000
2022-09-14 19:01:54 info: =================================
2022-09-14 19:02:02 info: =================================
2022-09-14 19:02:02 info: ======= ENV: development =======
2022-09-14 19:02:02 info: 🚀 App listening on the port 3000
2022-09-14 19:02:02 info: =================================
2022-09-14 19:02:13 info: =================================
2022-09-14 19:02:13 info: ======= ENV: development =======
2022-09-14 19:02:13 info: 🚀 App listening on the port 3000
2022-09-14 19:02:13 info: =================================
2022-09-14 19:02:15 info: =================================
2022-09-14 19:02:15 info: ======= ENV: development =======
2022-09-14 19:02:15 info: 🚀 App listening on the port 3000
2022-09-14 19:02:15 info: =================================
2022-09-14 19:02:24 info: [0mGET /acronym?from=0&limit=5&search=K [32m200[0m 4616.284 ms - -[0m
2022-09-14 19:02:34 info: =================================
2022-09-14 19:02:34 info: ======= ENV: development =======
2022-09-14 19:02:34 info: 🚀 App listening on the port 3000
2022-09-14 19:02:34 info: =================================
2022-09-14 19:02:41 info: =================================
2022-09-14 19:02:41 info: ======= ENV: development =======
2022-09-14 19:02:41 info: 🚀 App listening on the port 3000
2022-09-14 19:02:41 info: =================================
2022-09-14 19:02:48 error: [GET] /acronym >> StatusCode:: 500, Message:: slice() must be used after where() when called with these arguments
2022-09-14 19:02:48 info: [0mGET /acronym?from=0&limit=5&search=K [31m500[0m 7204.626 ms - 81[0m
2022-09-14 19:03:07 info: =================================
2022-09-14 19:03:07 info: ======= ENV: development =======
2022-09-14 19:03:07 info: 🚀 App listening on the port 3000
2022-09-14 19:03:07 info: =================================
2022-09-14 19:03:17 info: =================================
2022-09-14 19:03:17 info: ======= ENV: development =======
2022-09-14 19:03:17 info: 🚀 App listening on the port 3000
2022-09-14 19:03:17 info: =================================
2022-09-14 19:03:22 info: =================================
2022-09-14 19:03:22 info: ======= ENV: development =======
2022-09-14 19:03:22 info: 🚀 App listening on the port 3000
2022-09-14 19:03:22 info: =================================
2022-09-14 19:03:34 info: =================================
2022-09-14 19:03:34 info: ======= ENV: development =======
2022-09-14 19:03:34 info: 🚀 App listening on the port 3000
2022-09-14 19:03:34 info: =================================
2022-09-14 19:03:39 info: =================================
2022-09-14 19:03:39 info: ======= ENV: development =======
2022-09-14 19:03:39 info: 🚀 App listening on the port 3000
2022-09-14 19:03:39 info: =================================
2022-09-14 19:03:47 info: [0mGET /acronym?from=0&limit=5&search=K [32m200[0m 5352.640 ms - 154[0m
2022-09-14 19:04:15 error: [POST] /acronym >> StatusCode:: 400, Message:: Unexpected token K in JSON at position 0
2022-09-14 19:04:15 info: [0mPOST /acronym [33m400[0m 45.651 ms - 54[0m
2022-09-14 19:04:59 info: =================================
2022-09-14 19:04:59 info: ======= ENV: development =======
2022-09-14 19:04:59 info: 🚀 App listening on the port 3000
2022-09-14 19:04:59 info: =================================
2022-09-14 19:05:36 info: =================================
2022-09-14 19:05:36 info: ======= ENV: development =======
2022-09-14 19:05:36 info: 🚀 App listening on the port 3000
2022-09-14 19:05:36 info: =================================
2022-09-14 19:05:38 error: [POST] /acronym >> StatusCode:: 400, Message:: Unexpected token K in JSON at position 0
2022-09-14 19:05:38 info: [0mPOST /acronym [33m400[0m 19.479 ms - 54[0m
2022-09-14 19:05:53 info: =================================
2022-09-14 19:05:53 info: ======= ENV: development =======
2022-09-14 19:05:53 info: 🚀 App listening on the port 3000
2022-09-14 19:05:53 info: =================================
2022-09-14 19:06:38 error: [POST] /acronym >> StatusCode:: 400, Message:: Unexpected token K in JSON at position 0
2022-09-14 19:06:38 info: [0mPOST /acronym [33m400[0m 20.552 ms - 54[0m
2022-09-14 19:07:33 info: =================================
2022-09-14 19:07:33 info: ======= ENV: development =======
2022-09-14 19:07:33 info: 🚀 App listening on the port 3000
2022-09-14 19:07:33 info: =================================
2022-09-14 19:07:41 error: [POST] /acronym >> StatusCode:: 400, Message:: Unexpected token K in JSON at position 0
2022-09-14 19:07:41 info: [0mPOST /acronym [33m400[0m 19.575 ms - 54[0m
2022-09-14 19:09:53 info: =================================
2022-09-14 19:09:53 info: ======= ENV: development =======
2022-09-14 19:09:53 info: 🚀 App listening on the port 3000
2022-09-14 19:09:53 info: =================================
2022-09-14 19:09:55 info: [0mGET /api-docs/ [36m304[0m 8.066 ms - -[0m
2022-09-14 19:09:55 info: [0mGET /api-docs/swagger-ui.css [36m304[0m 3.249 ms - -[0m
2022-09-14 19:09:55 info: [0mGET /api-docs/swagger-ui-bundle.js [36m304[0m 1.794 ms - -[0m
2022-09-14 19:09:55 info: [0mGET /api-docs/swagger-ui-init.js [36m304[0m 0.539 ms - -[0m
2022-09-14 19:09:55 info: [0mGET /api-docs/swagger-ui-standalone-preset.js [36m304[0m 6.820 ms - -[0m
2022-09-14 19:09:55 info: [0mGET /api-docs/favicon-32x32.png [36m304[0m 0.582 ms - -[0m
2022-09-14 19:09:55 info: [0mGET /api-docs/favicon-32x32.png [36m304[0m 0.587 ms - -[0m
2022-09-14 19:27:32 info: [0mGET /api-docs/ [36m304[0m 2.250 ms - -[0m
2022-09-14 19:27:32 info: [0mGET /api-docs/swagger-ui.css [36m304[0m 1.211 ms - -[0m
2022-09-14 19:27:32 info: [0mGET /api-docs/swagger-ui-bundle.js [36m304[0m 0.857 ms - -[0m
2022-09-14 19:27:32 info: [0mGET /api-docs/swagger-ui-init.js [36m304[0m 0.321 ms - -[0m
2022-09-14 19:27:32 info: [0mGET /api-docs/swagger-ui-standalone-preset.js [36m304[0m 2.721 ms - -[0m
2022-09-14 19:27:32 info: [0mGET /api-docs/favicon-32x32.png [36m304[0m 0.587 ms - -[0m
2022-09-14 19:27:33 info: [0mGET /api-docs/favicon-32x32.png [36m304[0m 2.509 ms - -[0m
2022-09-14 19:27:44 info: =================================
2022-09-14 19:27:44 info: ======= ENV: development =======
2022-09-14 19:27:44 info: 🚀 App listening on the port 3000
2022-09-14 19:27:44 info: =================================
2022-09-14 19:27:44 info: [0mGET /api-docs/ [36m304[0m 11.102 ms - -[0m
2022-09-14 19:27:44 info: [0mGET /api-docs/swagger-ui.css [36m304[0m 1.954 ms - -[0m
2022-09-14 19:27:44 info: [0mGET /api-docs/swagger-ui-bundle.js [36m304[0m 4.376 ms - -[0m
2022-09-14 19:27:44 info: [0mGET /api-docs/swagger-ui-standalone-preset.js [36m304[0m 4.840 ms - -[0m
2022-09-14 19:27:44 info: [0mGET /api-docs/swagger-ui-init.js [32m200[0m 2.189 ms - -[0m
2022-09-14 19:27:44 info: [0mGET /api-docs/favicon-32x32.png [36m304[0m 0.805 ms - -[0m
2022-09-14 19:27:44 info: [0mGET /api-docs/favicon-32x32.png [36m304[0m 0.645 ms - -[0m
2022-09-14 19:29:24 info: =================================
2022-09-14 19:29:24 info: ======= ENV: development =======
2022-09-14 19:29:24 info: 🚀 App listening on the port 3000
2022-09-14 19:29:24 info: =================================
2022-09-14 19:29:28 info: [0mGET /api-docs/ [36m304[0m 7.385 ms - -[0m
2022-09-14 19:29:28 info: [0mGET /api-docs/swagger-ui.css [36m304[0m 2.172 ms - -[0m
2022-09-14 19:29:28 info: [0mGET /api-docs/swagger-ui-bundle.js [36m304[0m 3.108 ms - -[0m
2022-09-14 19:29:28 info: [0mGET /api-docs/swagger-ui-standalone-preset.js [36m304[0m 4.209 ms - -[0m
2022-09-14 19:29:28 info: [0mGET /api-docs/swagger-ui-init.js [32m200[0m 1.497 ms - -[0m
2022-09-14 19:29:28 info: [0mGET /api-docs/favicon-32x32.png [36m304[0m 0.447 ms - -[0m
2022-09-14 19:29:28 info: [0mGET /api-docs/favicon-32x32.png [36m304[0m 1.181 ms - -[0m
2022-09-14 19:46:01 info: [0mPOST /acronym [32m201[0m 722.429 ms - 59[0m
2022-09-14 19:46:17 info: [0mGET /acronym?from=0&limit=10&search=KCU [32m200[0m 2027.710 ms - 56[0m
2022-09-14 19:47:23 info: =================================
2022-09-14 19:47:23 info: ======= ENV: development =======
2022-09-14 19:47:23 info: 🚀 App listening on the port 3000
2022-09-14 19:47:23 info: =================================
2022-09-14 19:50:16 info: [0mGET /api-docs/ [36m304[0m 4.697 ms - -[0m
2022-09-14 19:50:16 info: [0mGET /api-docs/swagger-ui.css [36m304[0m 2.476 ms - -[0m
2022-09-14 19:50:16 info: [0mGET /api-docs/swagger-ui-bundle.js [36m304[0m 3.215 ms - -[0m
2022-09-14 19:50:16 info: [0mGET /api-docs/swagger-ui-standalone-preset.js [36m304[0m 3.693 ms - -[0m
2022-09-14 19:50:16 info: [0mGET /api-docs/swagger-ui-init.js [32m200[0m 1.572 ms - -[0m
2022-09-14 19:50:17 info: [0mGET /api-docs/favicon-32x32.png [36m304[0m 0.484 ms - -[0m
2022-09-14 19:50:17 info: [0mGET /api-docs/favicon-32x32.png [36m304[0m 0.796 ms - -[0m
2022-09-14 19:50:30 info: =================================
2022-09-14 19:50:30 info: ======= ENV: development =======
2022-09-14 19:50:30 info: 🚀 App listening on the port 3000
2022-09-14 19:50:30 info: =================================
2022-09-14 19:50:31 info: [0mGET /api-docs/ [36m304[0m 5.083 ms - -[0m
2022-09-14 19:50:31 info: [0mGET /api-docs/swagger-ui.css [36m304[0m 1.908 ms - -[0m
2022-09-14 19:50:31 info: [0mGET /api-docs/swagger-ui-init.js [36m304[0m 0.429 ms - -[0m
2022-09-14 19:50:31 info: [0mGET /api-docs/swagger-ui-bundle.js [36m304[0m 4.479 ms - -[0m
2022-09-14 19:50:31 info: [0mGET /api-docs/swagger-ui-standalone-preset.js [36m304[0m 5.369 ms - -[0m
2022-09-14 19:50:31 info: [0mGET /api-docs/favicon-32x32.png [36m304[0m 0.518 ms - -[0m
2022-09-14 19:50:31 info: [0mGET /api-docs/favicon-32x32.png [36m304[0m 0.765 ms - -[0m
2022-09-14 19:50:34 info: [0mGET /api-doc [33m404[0m 2.608 ms - 146[0m
2022-09-14 19:50:36 info: [0mGET /api-docs/ [36m304[0m 0.757 ms - -[0m
2022-09-14 19:50:36 info: [0mGET /api-docs/swagger-ui.css [36m304[0m 1.094 ms - -[0m
2022-09-14 19:50:36 info: [0mGET /api-docs/swagger-ui-bundle.js [36m304[0m 0.826 ms - -[0m
2022-09-14 19:50:36 info: [0mGET /api-docs/swagger-ui-init.js [36m304[0m 0.436 ms - -[0m
2022-09-14 19:50:36 info: [0mGET /api-docs/swagger-ui-standalone-preset.js [36m304[0m 2.602 ms - -[0m
2022-09-14 19:50:36 info: [0mGET /api-docs/favicon-32x32.png [36m304[0m 0.595 ms - -[0m
2022-09-14 19:51:05 info: =================================
2022-09-14 19:51:05 info: ======= ENV: development =======
2022-09-14 19:51:05 info: 🚀 App listening on the port 3000
2022-09-14 19:51:05 info: =================================
2022-09-14 19:51:05 info: [0mGET /api-docs/ [36m304[0m 5.236 ms - -[0m
2022-09-14 19:51:05 info: [0mGET /api-docs/swagger-ui.css [36m304[0m 4.369 ms - -[0m
2022-09-14 19:51:05 info: [0mGET /api-docs/swagger-ui-init.js [36m304[0m 0.381 ms - -[0m
2022-09-14 19:51:05 info: [0mGET /api-docs/swagger-ui-bundle.js [36m304[0m 3.094 ms - -[0m
2022-09-14 19:51:05 info: [0mGET /api-docs/swagger-ui-standalone-preset.js [36m304[0m 3.882 ms - -[0m
2022-09-14 19:51:05 info: [0mGET /api-docs/favicon-32x32.png [36m304[0m 0.819 ms - -[0m
2022-09-14 19:51:05 info: [0mGET /api-docs/favicon-32x32.png [36m304[0m 0.704 ms - -[0m
2022-09-14 19:51:06 info: [0mGET /api-docs/ [36m304[0m 1.044 ms - -[0m
2022-09-14 19:51:06 info: [0mGET /api-docs/swagger-ui-init.js [36m304[0m 0.295 ms - -[0m
2022-09-14 19:51:06 info: [0mGET /api-docs/swagger-ui.css [36m304[0m 9.308 ms - -[0m
2022-09-14 19:51:06 info: [0mGET /api-docs/swagger-ui-bundle.js [36m304[0m 12.095 ms - -[0m
2022-09-14 19:51:06 info: [0mGET /api-docs/swagger-ui-standalone-preset.js [36m304[0m 13.320 ms - -[0m
2022-09-14 19:51:06 info: [0mGET /api-docs/favicon-32x32.png [36m304[0m 0.582 ms - -[0m
2022-09-14 19:51:06 info: [0mGET /api-docs/favicon-32x32.png [36m304[0m 0.552 ms - -[0m
2022-09-14 19:51:39 info: [0mGET /api-docs/ [36m304[0m 1.204 ms - -[0m
2022-09-14 19:51:39 info: [0mGET /api-docs/swagger-ui.css [36m304[0m 1.593 ms - -[0m
2022-09-14 19:51:39 info: [0mGET /api-docs/swagger-ui-init.js [36m304[0m 0.391 ms - -[0m
2022-09-14 19:51:39 info: [0mGET /api-docs/swagger-ui-bundle.js [36m304[0m 3.559 ms - -[0m
2022-09-14 19:51:39 info: [0mGET /api-docs/swagger-ui-standalone-preset.js [36m304[0m 3.938 ms - -[0m
2022-09-14 19:51:39 info: [0mGET /api-docs/favicon-32x32.png [36m304[0m 0.889 ms - -[0m
2022-09-14 19:51:39 info: [0mGET /api-docs/favicon-32x32.png [36m304[0m 0.645 ms - -[0m
2022-09-14 19:51:44 info: [0mGET / [33m404[0m 1.774 ms - 139[0m
2022-09-14 19:51:47 info: [0mGET /api-docs/ [36m304[0m 0.667 ms - -[0m
2022-09-14 19:51:47 info: [0mGET /api-docs/swagger-ui.css [36m304[0m 1.150 ms - -[0m
2022-09-14 19:51:47 info: [0mGET /api-docs/swagger-ui-init.js [36m304[0m 0.478 ms - -[0m
2022-09-14 19:51:47 info: [0mGET /api-docs/swagger-ui-bundle.js [36m304[0m 4.003 ms - -[0m
2022-09-14 19:51:47 info: [0mGET /api-docs/swagger-ui-standalone-preset.js [36m304[0m 4.187 ms - -[0m
2022-09-14 19:51:47 info: [0mGET /api-docs/favicon-32x32.png [36m304[0m 1.222 ms - -[0m
2022-09-14 19:53:14 info: =================================
2022-09-14 19:53:14 info: ======= ENV: development =======
2022-09-14 19:53:14 info: 🚀 App listening on the port 3000
2022-09-14 19:53:14 info: =================================
2022-09-14 19:53:15 info: [0mGET /api-docs/ [36m304[0m 13.542 ms - -[0m
2022-09-14 19:53:15 info: [0mGET /api-docs/swagger-ui.css [36m304[0m 2.312 ms - -[0m
2022-09-14 19:53:15 info: [0mGET /api-docs/swagger-ui-bundle.js [36m304[0m 5.270 ms - -[0m
2022-09-14 19:53:15 info: [0mGET /api-docs/swagger-ui-standalone-preset.js [36m304[0m 5.858 ms - -[0m
2022-09-14 19:53:15 info: [0mGET /api-docs/swagger-ui-init.js [32m200[0m 3.258 ms - -[0m
2022-09-14 19:53:15 info: [0mGET /api-docs/favicon-32x32.png [36m304[0m 0.498 ms - -[0m
2022-09-14 19:53:15 info: [0mGET /api-docs/favicon-32x32.png [36m304[0m 0.952 ms - -[0m
2022-09-14 19:54:22 info: =================================
2022-09-14 19:54:22 info: ======= ENV: development =======
2022-09-14 19:54:22 info: 🚀 App listening on the port 3000
2022-09-14 19:54:22 info: =================================
2022-09-14 19:54:23 info: [0mGET /api-docs/ [36m304[0m 4.762 ms - -[0m
2022-09-14 19:54:23 info: [0mGET /api-docs/swagger-ui.css [36m304[0m 2.585 ms - -[0m
2022-09-14 19:54:23 info: [0mGET /api-docs/swagger-ui-standalone-preset.js [36m304[0m 5.116 ms - -[0m
2022-09-14 19:54:23 info: [0mGET /api-docs/swagger-ui-bundle.js [36m304[0m 8.075 ms - -[0m
2022-09-14 19:54:23 info: [0mGET /api-docs/swagger-ui-init.js [32m200[0m 3.321 ms - -[0m
2022-09-14 19:54:23 info: [0mGET /api-docs/favicon-32x32.png [36m304[0m 0.414 ms - -[0m
2022-09-14 19:54:23 info: [0mGET /api-docs/favicon-32x32.png [36m304[0m 1.023 ms - -[0m
2022-09-14 19:56:26 info: =================================
2022-09-14 19:56:26 info: ======= ENV: development =======
2022-09-14 19:56:26 info: 🚀 App listening on the port 3000
2022-09-14 19:56:26 info: =================================
2022-09-14 19:57:55 info: [0mGET /api-docs/ [36m304[0m 4.776 ms - -[0m
2022-09-14 19:57:55 info: [0mGET /api-docs/swagger-ui.css [36m304[0m 2.896 ms - -[0m
2022-09-14 19:57:55 info: [0mGET /api-docs/swagger-ui-bundle.js [36m304[0m 2.225 ms - -[0m
2022-09-14 19:57:55 info: [0mGET /api-docs/swagger-ui-standalone-preset.js [36m304[0m 5.340 ms - -[0m
2022-09-14 19:57:55 info: [0mGET /api-docs/swagger-ui-init.js [32m200[0m 1.749 ms - -[0m
2022-09-14 19:57:55 info: [0mGET /api-docs/favicon-32x32.png [36m304[0m 0.523 ms - -[0m
2022-09-14 19:57:55 info: [0mGET /api-docs/favicon-32x32.png [36m304[0m 0.641 ms - -[0m
2022-09-14 19:58:18 info: [0mPUT /acronym [33m404[0m 16.159 ms - 146[0m
2022-09-14 20:00:17 error: [PUT] /acronym/KCU >> StatusCode:: 400, Message:: acronym must be a string
2022-09-14 20:00:17 info: [0mPUT /acronym/KCU [33m400[0m 5.672 ms - 38[0m
2022-09-14 20:01:07 info: [0mPOST /acronym [32m201[0m 740.552 ms - 51[0m
2022-09-14 20:01:35 info: [0mGET /acronym/KCU?search=ZY [33m404[0m 0.628 ms - 150[0m
2022-09-14 20:01:45 info: [0mGET /acronym?search=ZY [32m200[0m 1927.511 ms - 63[0m
2022-09-14 20:02:04 error: [PUT] /acronym/ZY >> StatusCode:: 400, Message:: acronym must be a string
2022-09-14 20:02:04 info: [0mPUT /acronym/ZY [33m400[0m 1.397 ms - 38[0m
2022-09-14 20:02:46 info: [0mDELETE /acronym/ZY [32m200[0m 692.243 ms - 51[0m
2022-09-14 20:04:21 info: =================================
2022-09-14 20:04:21 info: ======= ENV: development =======
2022-09-14 20:04:21 info: 🚀 App listening on the port 3000
2022-09-14 20:04:21 info: =================================
2022-09-14 20:04:24 info: =================================
2022-09-14 20:04:24 info: ======= ENV: development =======
2022-09-14 20:04:24 info: 🚀 App listening on the port 3000
2022-09-14 20:04:24 info: =================================
2022-09-14 20:04:30 info: [0mDELETE /acronym/KCU [32m200[0m 2594.187 ms - 59[0m
2022-09-14 20:04:52 info: [0mPOST /acronym [32m201[0m 705.894 ms - 60[0m
2022-09-14 20:05:15 error: [PUT] /acronym/KCU >> StatusCode:: 400, Message:: acronym must be a string
2022-09-14 20:05:15 info: [0mPUT /acronym/KCU [33m400[0m 2.162 ms - 38[0m
2022-09-14 20:05:34 info: =================================
2022-09-14 20:05:34 info: ======= ENV: development =======
2022-09-14 20:05:34 info: 🚀 App listening on the port 3000
2022-09-14 20:05:34 info: =================================
2022-09-14 20:05:37 info: =================================
2022-09-14 20:05:37 info: ======= ENV: development =======
2022-09-14 20:05:37 info: 🚀 App listening on the port 3000
2022-09-14 20:05:37 info: =================================
2022-09-14 20:05:37 error: [PUT] /acronym/KCU >> StatusCode:: 400, Message:: acronym must be a string
2022-09-14 20:05:37 info: [0mPUT /acronym/KCU [33m400[0m 20.572 ms - 38[0m
2022-09-14 20:05:39 error: [PUT] /acronym/KCU >> StatusCode:: 400, Message:: acronym must be a string
2022-09-14 20:05:39 info: [0mPUT /acronym/KCU [33m400[0m 1.869 ms - 38[0m
2022-09-14 20:05:50 error: [PUT] /acronym/KCU >> StatusCode:: 400, Message:: acronym must be a string
2022-09-14 20:05:50 info: [0mPUT /acronym/KCU [33m400[0m 2.448 ms - 38[0m
2022-09-14 20:05:57 error: [PUT] /acronym/KCU >> StatusCode:: 400, Message:: acronym must be a string
2022-09-14 20:05:57 info: [0mPUT /acronym/KCU [33m400[0m 1.846 ms - 38[0m
2022-09-14 20:06:22 info: =================================
2022-09-14 20:06:22 info: ======= ENV: development =======
2022-09-14 20:06:22 info: 🚀 App listening on the port 3000
2022-09-14 20:06:22 info: =================================
2022-09-14 20:06:29 info: [0mPUT /acronym/KCU [32m200[0m 5460.343 ms - 54[0m
2022-09-14 20:06:45 info: [0mGET /acronym?search=KCU [32m200[0m 5727.783 ms - 51[0m
2022-09-14 20:06:57 info: [0mDELETE /acronym/KCU [32m200[0m 705.555 ms - 54[0m
2022-09-14 20:07:02 info: =================================
2022-09-14 20:07:02 info: ======= ENV: development =======
2022-09-14 20:07:02 info: 🚀 App listening on the port 3000
2022-09-14 20:07:02 info: =================================
2022-09-14 20:07:50 info: [0mPOST /acronym [32m201[0m 747.476 ms - 51[0m
2022-09-14 20:08:06 info: [0mPUT /acronym [33m404[0m 1.979 ms - 146[0m
2022-09-14 20:08:10 info: [0mPUT /acronym [33m404[0m 0.761 ms - 146[0m
2022-09-14 20:08:39 info: [0mPUT /acronym [33m404[0m 0.620 ms - 146[0m
2022-09-14 20:12:37 info: [0mPUT /acronym [33m404[0m 0.686 ms - 146[0m
2022-09-14 20:14:04 info: =================================
2022-09-14 20:14:04 info: ======= ENV: development =======
2022-09-14 20:14:04 info: 🚀 App listening on the port 3000
2022-09-14 20:14:04 info: =================================
2022-09-14 20:14:06 info: [0mPUT /acronym [33m404[0m 15.987 ms - 146[0m
2022-09-14 20:14:09 info: [0mGET /api-docs/ [36m304[0m 2.782 ms - -[0m
2022-09-14 20:14:09 info: [0mGET /api-docs/swagger-ui.css [36m304[0m 3.042 ms - -[0m
2022-09-14 20:14:09 info: [0mGET /api-docs/swagger-ui-bundle.js [36m304[0m 4.636 ms - -[0m
2022-09-14 20:14:09 info: [0mGET /api-docs/swagger-ui-standalone-preset.js [36m304[0m 6.005 ms - -[0m
2022-09-14 20:14:09 info: [0mGET /api-docs/swagger-ui-init.js [32m200[0m 2.198 ms - -[0m
2022-09-14 20:14:09 info: [0mGET /api-docs/favicon-32x32.png [36m304[0m 0.789 ms - -[0m
2022-09-14 20:14:09 info: [0mGET /api-docs/favicon-32x32.png [36m304[0m 0.651 ms - -[0m
2022-09-14 20:14:24 info: [0mPUT /acronym [33m404[0m 1.300 ms - 146[0m
2022-09-14 20:16:09 info: [0mDELETE /acronym [33m404[0m 1.368 ms - 149[0m
2022-09-14 20:23:16 info: =================================
2022-09-14 20:23:16 info: ======= ENV: development =======
2022-09-14 20:23:16 info: 🚀 App listening on the port 3000
2022-09-14 20:23:16 info: =================================
2022-09-14 20:23:28 info: =================================
2022-09-14 20:23:28 info: ======= ENV: development =======
2022-09-14 20:23:28 info: 🚀 App listening on the port 3000
2022-09-14 20:23:28 info: =================================
2022-09-14 20:24:59 info: =================================
2022-09-14 20:24:59 info: ======= ENV: development =======
2022-09-14 20:24:59 info: 🚀 App listening on the port 3000
2022-09-14 20:24:59 info: =================================
2022-09-14 20:25:05 info: [0mGET /api-docs/ [36m304[0m 4.707 ms - -[0m
2022-09-14 20:25:05 info: [0mGET /api-docs/swagger-ui.css [36m304[0m 2.164 ms - -[0m
2022-09-14 20:25:05 info: [0mGET /api-docs/swagger-ui-bundle.js [36m304[0m 4.149 ms - -[0m
2022-09-14 20:25:05 info: [0mGET /api-docs/swagger-ui-standalone-preset.js [36m304[0m 4.830 ms - -[0m
2022-09-14 20:25:05 info: [0mGET /api-docs/swagger-ui-init.js [32m200[0m 1.929 ms - -[0m
2022-09-14 20:25:05 info: [0mGET /api-docs/favicon-32x32.png [36m304[0m 0.733 ms - -[0m
2022-09-14 20:25:05 info: [0mGET /api-docs/favicon-32x32.png [36m304[0m 0.482 ms - -[0m
2022-09-14 20:25:22 info: [0mPUT /acronym/ZY [32m200[0m 730.840 ms - 47[0m
2022-09-14 20:25:38 info: [0mDELETE /acronym/ZY [32m200[0m 711.416 ms - 47[0m
