2022-09-13 00:21:10 info: =================================
2022-09-13 00:21:10 info: ======= ENV: development =======
2022-09-13 00:21:10 info: 🚀 App listening on the port 3000
2022-09-13 00:21:10 info: =================================
2022-09-13 00:21:52 info: [0mGET / [32m200[0m 3.428 ms - 2[0m
2022-09-13 00:21:52 info: [0mGET /favicon.ico [33m404[0m 2.260 ms - 150[0m
2022-09-13 07:05:39 info: =================================
2022-09-13 07:05:39 info: ======= ENV: development =======
2022-09-13 07:05:39 info: 🚀 App listening on the port 3000
2022-09-13 07:05:39 info: =================================
2022-09-13 07:11:53 info: =================================
2022-09-13 07:11:53 info: ======= ENV: development =======
2022-09-13 07:11:53 info: 🚀 App listening on the port 3000
2022-09-13 07:11:53 info: =================================
2022-09-13 07:17:33 info: =================================
2022-09-13 07:17:33 info: ======= ENV: development =======
2022-09-13 07:17:33 info: 🚀 App listening on the port 3000
2022-09-13 07:17:33 info: =================================
2022-09-13 07:20:09 info: =================================
2022-09-13 07:20:09 info: ======= ENV: development =======
2022-09-13 07:20:09 info: 🚀 App listening on the port 3000
2022-09-13 07:20:09 info: =================================
2022-09-13 07:20:47 info: =================================
2022-09-13 07:20:47 info: ======= ENV: development =======
2022-09-13 07:20:47 info: 🚀 App listening on the port 3000
2022-09-13 07:20:47 info: =================================
2022-09-13 07:20:54 info: =================================
2022-09-13 07:20:54 info: ======= ENV: development =======
2022-09-13 07:20:54 info: 🚀 App listening on the port 3000
2022-09-13 07:20:54 info: =================================
2022-09-13 07:21:05 info: =================================
2022-09-13 07:21:05 info: ======= ENV: development =======
2022-09-13 07:21:05 info: 🚀 App listening on the port 3000
2022-09-13 07:21:05 info: =================================
2022-09-13 07:22:31 info: =================================
2022-09-13 07:22:31 info: ======= ENV: development =======
2022-09-13 07:22:31 info: 🚀 App listening on the port 3000
2022-09-13 07:22:31 info: =================================
2022-09-13 07:22:41 info: =================================
2022-09-13 07:22:41 info: ======= ENV: development =======
2022-09-13 07:22:41 info: 🚀 App listening on the port 3000
2022-09-13 07:22:41 info: =================================
2022-09-13 07:22:46 info: =================================
2022-09-13 07:22:46 info: ======= ENV: development =======
2022-09-13 07:22:46 info: 🚀 App listening on the port 3000
2022-09-13 07:22:46 info: =================================
2022-09-13 07:23:08 info: =================================
2022-09-13 07:23:08 info: ======= ENV: development =======
2022-09-13 07:23:08 info: 🚀 App listening on the port 3000
2022-09-13 07:23:08 info: =================================
2022-09-13 07:23:14 info: =================================
2022-09-13 07:23:14 info: ======= ENV: development =======
2022-09-13 07:23:14 info: 🚀 App listening on the port 3000
2022-09-13 07:23:14 info: =================================
2022-09-13 07:23:21 info: =================================
2022-09-13 07:23:21 info: ======= ENV: development =======
2022-09-13 07:23:21 info: 🚀 App listening on the port 3000
2022-09-13 07:23:21 info: =================================
2022-09-13 07:23:49 info: =================================
2022-09-13 07:23:49 info: ======= ENV: development =======
2022-09-13 07:23:49 info: 🚀 App listening on the port 3000
2022-09-13 07:23:49 info: =================================
2022-09-13 07:23:55 info: =================================
2022-09-13 07:23:55 info: ======= ENV: development =======
2022-09-13 07:23:55 info: 🚀 App listening on the port 3000
2022-09-13 07:23:55 info: =================================
2022-09-13 07:24:04 info: =================================
2022-09-13 07:24:04 info: ======= ENV: development =======
2022-09-13 07:24:04 info: 🚀 App listening on the port 3000
2022-09-13 07:24:04 info: =================================
2022-09-13 07:24:12 info: =================================
2022-09-13 07:24:12 info: ======= ENV: development =======
2022-09-13 07:24:12 info: 🚀 App listening on the port 3000
2022-09-13 07:24:12 info: =================================
2022-09-13 07:24:23 info: =================================
2022-09-13 07:24:23 info: ======= ENV: development =======
2022-09-13 07:24:23 info: 🚀 App listening on the port 3000
2022-09-13 07:24:23 info: =================================
2022-09-13 07:25:01 info: =================================
2022-09-13 07:25:01 info: ======= ENV: development =======
2022-09-13 07:25:01 info: 🚀 App listening on the port 3000
2022-09-13 07:25:01 info: =================================
2022-09-13 07:25:19 info: =================================
2022-09-13 07:25:19 info: ======= ENV: development =======
2022-09-13 07:25:19 info: 🚀 App listening on the port 3000
2022-09-13 07:25:19 info: =================================
2022-09-13 07:26:27 info: =================================
2022-09-13 07:26:27 info: ======= ENV: development =======
2022-09-13 07:26:27 info: 🚀 App listening on the port 3000
2022-09-13 07:26:27 info: =================================
2022-09-13 07:26:49 info: =================================
2022-09-13 07:26:49 info: ======= ENV: development =======
2022-09-13 07:26:49 info: 🚀 App listening on the port 3000
2022-09-13 07:26:49 info: =================================
2022-09-13 07:27:02 info: =================================
2022-09-13 07:27:02 info: ======= ENV: development =======
2022-09-13 07:27:02 info: 🚀 App listening on the port 3000
2022-09-13 07:27:02 info: =================================
2022-09-13 07:27:12 info: =================================
2022-09-13 07:27:12 info: ======= ENV: development =======
2022-09-13 07:27:12 info: 🚀 App listening on the port 3000
2022-09-13 07:27:12 info: =================================
2022-09-13 07:27:29 info: =================================
2022-09-13 07:27:29 info: ======= ENV: development =======
2022-09-13 07:27:29 info: 🚀 App listening on the port 3000
2022-09-13 07:27:29 info: =================================
2022-09-13 07:27:38 info: [0mGET / [32m200[0m 3.596 ms - 2[0m
2022-09-13 07:27:44 info: [0mGET /acronym [32m200[0m 1.427 ms - 28[0m
2022-09-13 07:28:48 info: =================================
2022-09-13 07:28:48 info: ======= ENV: development =======
2022-09-13 07:28:48 info: 🚀 App listening on the port 3000
2022-09-13 07:28:48 info: =================================
2022-09-13 07:28:49 info: [0mGET /acronym [36m304[0m 4.541 ms - -[0m
2022-09-13 07:28:49 info: [0mGET /favicon.ico [33m404[0m 4.348 ms - 150[0m
2022-09-13 07:29:35 info: [0mGET /acronym?search=2 [32m200[0m 1.914 ms - 28[0m
2022-09-13 07:29:38 info: [0mGET /acronym?search=K [32m200[0m 1.263 ms - 28[0m
2022-09-13 07:29:42 info: [0mGET /acronym?search=%27K%27 [32m200[0m 1.805 ms - 28[0m
2022-09-13 07:29:47 info: [0mGET /acronym?search=K [36m304[0m 1.264 ms - -[0m
2022-09-13 07:30:29 info: =================================
2022-09-13 07:30:29 info: ======= ENV: development =======
2022-09-13 07:30:29 info: 🚀 App listening on the port 3000
2022-09-13 07:30:29 info: =================================
2022-09-13 07:30:30 info: [0mGET /acronym?search=K [36m304[0m 26.072 ms - -[0m
2022-09-13 07:31:41 info: =================================
2022-09-13 07:31:41 info: ======= ENV: development =======
2022-09-13 07:31:41 info: 🚀 App listening on the port 3000
2022-09-13 07:31:41 info: =================================
2022-09-13 07:31:54 info: =================================
2022-09-13 07:31:54 info: ======= ENV: development =======
2022-09-13 07:31:54 info: 🚀 App listening on the port 3000
2022-09-13 07:31:54 info: =================================
2022-09-13 07:31:55 info: [0mGET /acronym?search=K [32m200[0m 27.997 ms - -[0m
2022-09-13 07:32:01 info: [0mGET /acronym?search= [32m200[0m 26.001 ms - -[0m
2022-09-13 07:32:05 info: [0mGET /acronym [32m200[0m 28.519 ms - -[0m
2022-09-13 07:32:19 info: [0mGET /acronym?from=30&limit=10&search=a [32m200[0m 2.234 ms - 28[0m
2022-09-13 07:32:23 info: [0mGET /acronym?from=10&limit=10&search=a [32m200[0m 4.881 ms - 704[0m
2022-09-13 07:33:27 info: =================================
2022-09-13 07:33:27 info: ======= ENV: development =======
2022-09-13 07:33:27 info: 🚀 App listening on the port 3000
2022-09-13 07:33:27 info: =================================
2022-09-13 07:33:37 info: =================================
2022-09-13 07:33:37 info: ======= ENV: development =======
2022-09-13 07:33:37 info: 🚀 App listening on the port 3000
2022-09-13 07:33:37 info: =================================
2022-09-13 07:33:50 info: =================================
2022-09-13 07:33:50 info: ======= ENV: development =======
2022-09-13 07:33:50 info: 🚀 App listening on the port 3000
2022-09-13 07:33:50 info: =================================
2022-09-13 07:34:34 info: =================================
2022-09-13 07:34:34 info: ======= ENV: development =======
2022-09-13 07:34:34 info: 🚀 App listening on the port 3000
2022-09-13 07:34:34 info: =================================
2022-09-13 07:34:38 info: [0mGET /acronym?from=10&limit=10&search=a [32m200[0m 5.885 ms - 28[0m
2022-09-13 07:34:46 info: [0mGET /acronym?from=1&limit=10&search=a [32m200[0m 2.772 ms - 28[0m
2022-09-13 07:34:52 info: [0mGET /acronym?from=1&limit=10&search=0 [32m200[0m 4.112 ms - 161[0m
2022-09-13 07:34:59 info: [0mGET /acronym?from=1&limit=10&search=1 [32m200[0m 5.828 ms - 553[0m
2022-09-13 07:43:53 info: =================================
2022-09-13 07:43:53 info: ======= ENV: development =======
2022-09-13 07:43:53 info: 🚀 App listening on the port 3000
2022-09-13 07:43:53 info: =================================
2022-09-13 07:44:11 info: =================================
2022-09-13 07:44:11 info: ======= ENV: development =======
2022-09-13 07:44:11 info: 🚀 App listening on the port 3000
2022-09-13 07:44:11 info: =================================
2022-09-13 07:44:30 info: [0mGET /acronym?from=1&limit=10&search=1 [32m200[0m 10.014 ms - 28[0m
2022-09-13 07:45:25 info: =================================
2022-09-13 07:45:25 info: ======= ENV: development =======
2022-09-13 07:45:25 info: 🚀 App listening on the port 3000
2022-09-13 07:45:25 info: =================================
2022-09-13 07:45:27 info: [0mGET /acronym?from=1&limit=10&search=1 [32m200[0m 10.476 ms - 323[0m
2022-09-13 07:45:40 info: =================================
2022-09-13 07:45:40 info: ======= ENV: development =======
2022-09-13 07:45:40 info: 🚀 App listening on the port 3000
2022-09-13 07:45:40 info: =================================
2022-09-13 07:45:40 info: [0mGET /acronym?from=1&limit=10&search=1 [36m304[0m 10.139 ms - -[0m
2022-09-13 07:48:03 info: =================================
2022-09-13 07:48:03 info: ======= ENV: development =======
2022-09-13 07:48:03 info: 🚀 App listening on the port 3000
2022-09-13 07:48:03 info: =================================
2022-09-13 07:48:24 info: =================================
2022-09-13 07:48:24 info: ======= ENV: development =======
2022-09-13 07:48:24 info: 🚀 App listening on the port 3000
2022-09-13 07:48:24 info: =================================
2022-09-13 07:49:19 info: =================================
2022-09-13 07:49:19 info: ======= ENV: development =======
2022-09-13 07:49:19 info: 🚀 App listening on the port 3000
2022-09-13 07:49:19 info: =================================
2022-09-13 07:49:36 info: =================================
2022-09-13 07:49:36 info: ======= ENV: development =======
2022-09-13 07:49:36 info: 🚀 App listening on the port 3000
2022-09-13 07:49:36 info: =================================
2022-09-13 07:49:53 info: =================================
2022-09-13 07:49:53 info: ======= ENV: development =======
2022-09-13 07:49:53 info: 🚀 App listening on the port 3000
2022-09-13 07:49:53 info: =================================
2022-09-13 07:50:00 info: [0mGET /acronym?from=1&limit=10&search=1 [36m304[0m 10.970 ms - -[0m
2022-09-13 07:50:02 info: =================================
2022-09-13 07:50:02 info: ======= ENV: development =======
2022-09-13 07:50:02 info: 🚀 App listening on the port 3000
2022-09-13 07:50:02 info: =================================
2022-09-13 07:51:14 info: =================================
2022-09-13 07:51:14 info: ======= ENV: development =======
2022-09-13 07:51:14 info: 🚀 App listening on the port 3000
2022-09-13 07:51:14 info: =================================
2022-09-13 07:54:32 info: [0mGET /acronym?from=1&limit=10&search=1 [36m304[0m 11.862 ms - -[0m
2022-09-13 07:54:34 info: =================================
2022-09-13 07:54:34 info: ======= ENV: development =======
2022-09-13 07:54:34 info: 🚀 App listening on the port 3000
2022-09-13 07:54:34 info: =================================
2022-09-13 08:14:33 info: =================================
2022-09-13 08:14:33 info: ======= ENV: development =======
2022-09-13 08:14:33 info: 🚀 App listening on the port 3000
2022-09-13 08:14:33 info: =================================
2022-09-13 08:14:46 info: =================================
2022-09-13 08:14:46 info: ======= ENV: development =======
2022-09-13 08:14:46 info: 🚀 App listening on the port 3000
2022-09-13 08:14:46 info: =================================
2022-09-13 08:14:52 info: =================================
2022-09-13 08:14:52 info: ======= ENV: development =======
2022-09-13 08:14:52 info: 🚀 App listening on the port 3000
2022-09-13 08:14:52 info: =================================
2022-09-13 08:15:42 info: =================================
2022-09-13 08:15:42 info: ======= ENV: development =======
2022-09-13 08:15:42 info: 🚀 App listening on the port 3000
2022-09-13 08:15:42 info: =================================
2022-09-13 08:16:50 info: [0mGET /users [32m200[0m 3.762 ms - 478[0m
2022-09-13 08:16:50 info: [0mGET /users/1 [32m200[0m 1.106 ms - 140[0m
2022-09-13 08:16:50 info: [0mPOST /users [32m201[0m 76.973 ms - 139[0m
2022-09-13 08:16:51 info: [0mPUT /users/1 [32m200[0m 58.409 ms - 477[0m
2022-09-13 08:16:51 info: [0mDELETE /users/1 [32m200[0m 0.837 ms - 366[0m
2022-09-13 08:16:53 info: [0mPOST /signup [32m201[0m 70.311 ms - 138[0m
2022-09-13 08:16:53 info: [0mPOST /login [32m200[0m 62.625 ms - 138[0m
2022-09-13 08:16:54 info: [0mGET /acronym [32m200[0m 16.169 ms - 703[0m
2022-09-13 08:16:56 info: [0mGET / [32m200[0m 2.739 ms - 2[0m
2022-09-13 08:18:13 info: [0mGET /acronym [32m200[0m 49.060 ms - 703[0m
2022-09-13 08:19:19 info: =================================
2022-09-13 08:19:19 info: ======= ENV: development =======
2022-09-13 08:19:19 info: 🚀 App listening on the port 3000
2022-09-13 08:19:19 info: =================================
2022-09-13 08:19:19 info: [0mGET /acronym?from=5&limit=5&search=1 [32m200[0m 10.065 ms - 176[0m
2022-09-13 08:19:21 info: =================================
2022-09-13 08:19:21 info: ======= ENV: development =======
2022-09-13 08:19:21 info: 🚀 App listening on the port 3000
2022-09-13 08:19:21 info: =================================
2022-09-13 08:21:32 info: [0mGET /acronym?from=5&limit=5&search=AA [32m200[0m 8.495 ms - 28[0m
2022-09-13 08:21:34 info: =================================
2022-09-13 08:21:34 info: ======= ENV: development =======
2022-09-13 08:21:34 info: 🚀 App listening on the port 3000
2022-09-13 08:21:34 info: =================================
2022-09-13 08:21:36 info: [0mGET /acronym?from=0&limit=5&search=AA [32m200[0m 9.468 ms - 69[0m
2022-09-13 08:21:38 info: =================================
2022-09-13 08:21:38 info: ======= ENV: development =======
2022-09-13 08:21:38 info: 🚀 App listening on the port 3000
2022-09-13 08:21:38 info: =================================
2022-09-13 08:21:40 info: [0mGET /acronym?from=0&limit=5&search=14 [32m200[0m 9.708 ms - 116[0m
2022-09-13 08:21:42 info: =================================
2022-09-13 08:21:42 info: ======= ENV: development =======
2022-09-13 08:21:42 info: 🚀 App listening on the port 3000
2022-09-13 08:21:42 info: =================================
2022-09-13 08:21:42 info: [0mGET /acronym?from=5&limit=5&search=14 [32m200[0m 7.498 ms - 28[0m
2022-09-13 08:21:44 info: =================================
2022-09-13 08:21:44 info: ======= ENV: development =======
2022-09-13 08:21:44 info: 🚀 App listening on the port 3000
2022-09-13 08:21:44 info: =================================
2022-09-13 08:21:45 info: [0mGET /acronym?from=3&limit=5&search=14 [32m200[0m 8.351 ms - 28[0m
2022-09-13 08:21:47 info: =================================
2022-09-13 08:21:47 info: ======= ENV: development =======
2022-09-13 08:21:47 info: 🚀 App listening on the port 3000
2022-09-13 08:21:47 info: =================================
2022-09-13 08:21:48 info: [0mGET /acronym?from=2&limit=5&search=14 [32m200[0m 9.213 ms - 69[0m
2022-09-13 08:21:50 info: =================================
2022-09-13 08:21:50 info: ======= ENV: development =======
2022-09-13 08:21:50 info: 🚀 App listening on the port 3000
2022-09-13 08:21:50 info: =================================
2022-09-13 08:21:52 info: [0mGET /acronym?from=1&limit=5&search=14 [32m200[0m 8.999 ms - 95[0m
2022-09-13 08:21:54 info: =================================
2022-09-13 08:21:54 info: ======= ENV: development =======
2022-09-13 08:21:54 info: 🚀 App listening on the port 3000
2022-09-13 08:21:54 info: =================================
2022-09-13 08:22:01 info: [0mGET /acronym?from=0&limit=5&search=14 [36m304[0m 9.246 ms - -[0m
2022-09-13 08:22:03 info: =================================
2022-09-13 08:22:03 info: ======= ENV: development =======
2022-09-13 08:22:03 info: 🚀 App listening on the port 3000
2022-09-13 08:22:03 info: =================================
2022-09-13 08:22:09 info: [0mGET /acronym?from=0&limit=5&search=14 [36m304[0m 9.142 ms - -[0m
2022-09-13 08:22:11 info: =================================
2022-09-13 08:22:11 info: ======= ENV: development =======
2022-09-13 08:22:11 info: 🚀 App listening on the port 3000
2022-09-13 08:22:11 info: =================================
2022-09-13 08:22:13 info: [0mGET /acronym?from=0&limit=5&search=1 [32m200[0m 10.216 ms - 199[0m
2022-09-13 08:22:15 info: =================================
2022-09-13 08:22:15 info: ======= ENV: development =======
2022-09-13 08:22:15 info: 🚀 App listening on the port 3000
2022-09-13 08:22:15 info: =================================
2022-09-13 08:22:41 info: [0mGET /acronym?from=5&limit=5&search=1 [36m304[0m 10.261 ms - -[0m
2022-09-13 08:22:43 info: =================================
2022-09-13 08:22:43 info: ======= ENV: development =======
2022-09-13 08:22:43 info: 🚀 App listening on the port 3000
2022-09-13 08:22:43 info: =================================
2022-09-13 08:24:54 info: [0mGET /acronym [32m200[0m 30.830 ms - 703[0m
2022-09-13 08:24:54 info: [0mGET /acronym?from=5&limit=5&search=0 [32m200[0m 9.222 ms - 28[0m
2022-09-13 08:43:21 info: [0mGET /acronym [32m200[0m 30.479 ms - 703[0m
2022-09-13 08:43:21 info: [0mGET /acronym?from=5&limit=5&search=0 [32m200[0m 8.185 ms - 28[0m
2022-09-13 08:43:21 info: [0mPOST /acronym [32m201[0m 24.448 ms - 52[0m
2022-09-13 08:43:21 info: [0mPOST /acronym [32m201[0m 4.334 ms - 52[0m
2022-09-13 08:43:22 error: [PUT] /acronym/KCU >> StatusCode:: 400, Message:: acronym must be a string
2022-09-13 08:43:22 info: [0mPUT /acronym/KCU [33m400[0m 28.366 ms - 38[0m
2022-09-13 08:44:03 info: [0mGET /acronym [32m200[0m 43.668 ms - 725[0m
2022-09-13 08:44:03 info: [0mGET /acronym?from=5&limit=5&search=0 [32m200[0m 7.853 ms - 28[0m
2022-09-13 08:44:03 error: [POST] /acronym >> StatusCode:: 409, Message:: This acronym KCU already exists
2022-09-13 08:44:03 info: [0mPOST /acronym [33m409[0m 24.688 ms - 45[0m
2022-09-13 08:44:03 error: [POST] /acronym >> StatusCode:: 409, Message:: This acronym KCU already exists
2022-09-13 08:44:03 info: [0mPOST /acronym [33m409[0m 8.915 ms - 45[0m
2022-09-13 08:45:43 info: [0mGET /acronym [32m200[0m 32.000 ms - 725[0m
2022-09-13 08:45:43 info: [0mGET /acronym?from=5&limit=5&search=0 [32m200[0m 7.388 ms - 28[0m
2022-09-13 08:45:43 error: [POST] /acronym >> StatusCode:: 409, Message:: This acronym KCU already exists
2022-09-13 08:45:43 info: [0mPOST /acronym [33m409[0m 22.733 ms - 45[0m
2022-09-13 08:45:43 error: [PUT] /acronym/KCU >> StatusCode:: 400, Message:: acronym must be a string
2022-09-13 08:45:43 info: [0mPUT /acronym/KCU [33m400[0m 11.287 ms - 38[0m
2022-09-13 08:48:16 info: [0mGET /acronym [32m200[0m 40.872 ms - 703[0m
2022-09-13 08:48:17 info: [0mGET /acronym?from=5&limit=5&search=0 [32m200[0m 12.121 ms - 28[0m
2022-09-13 08:48:17 info: [0mPOST /acronym [32m201[0m 18.998 ms - 52[0m
2022-09-13 08:48:17 error: [PUT] /acronym/KCU >> StatusCode:: 400, Message:: acronym must be a string
2022-09-13 08:48:17 info: [0mPUT /acronym/KCU [33m400[0m 10.236 ms - 38[0m
2022-09-13 08:51:06 info: [0mGET /acronym [32m200[0m 31.290 ms - 703[0m
2022-09-13 08:51:06 info: [0mGET /acronym?from=5&limit=5&search=0 [32m200[0m 11.448 ms - 28[0m
2022-09-13 08:51:06 info: [0mPOST /acronym [32m201[0m 20.272 ms - 52[0m
2022-09-13 08:51:06 error: [PUT] /acronym/KCU >> StatusCode:: 409, Message:: This acronym KCU doesn't exist
2022-09-13 08:51:06 info: [0mPUT /acronym/KCU [33m409[0m 10.753 ms - 44[0m
2022-09-13 08:52:25 info: [0mGET /acronym [32m200[0m 29.515 ms - 725[0m
2022-09-13 08:52:25 info: [0mGET /acronym?from=5&limit=5&search=0 [32m200[0m 8.663 ms - 28[0m
2022-09-13 08:52:25 error: [POST] /acronym >> StatusCode:: 409, Message:: This acronym KCU already exists
2022-09-13 08:52:25 info: [0mPOST /acronym [33m409[0m 25.293 ms - 45[0m
2022-09-13 08:52:25 info: [0mPUT /acronym/KCU [32m200[0m 3.626 ms - 736[0m
2022-09-13 08:53:03 info: [0mGET /acronym [32m200[0m 43.436 ms - 703[0m
2022-09-13 08:53:03 info: [0mGET /acronym?from=5&limit=5&search=0 [32m200[0m 15.230 ms - 28[0m
2022-09-13 08:53:03 info: [0mPOST /acronym [32m201[0m 16.610 ms - 52[0m
2022-09-13 08:53:03 error: [PUT] /acronym/KCU >> StatusCode:: 409, Message:: This acronym KCU doesn't exist
2022-09-13 08:53:03 info: [0mPUT /acronym/KCU [33m409[0m 7.373 ms - 44[0m
2022-09-13 08:54:30 info: [0mGET /acronym [32m200[0m 29.857 ms - 703[0m
2022-09-13 08:54:30 info: [0mGET /acronym?from=5&limit=5&search=0 [32m200[0m 13.978 ms - 28[0m
2022-09-13 08:54:30 info: [0mPOST /acronym [32m201[0m 21.490 ms - 52[0m
2022-09-13 08:54:30 info: [0mPOST /acronym [32m201[0m 3.211 ms - 60[0m
2022-09-13 08:54:30 info: [0mPUT /acronym/KCU [32m200[0m 4.874 ms - 728[0m
2022-09-13 08:56:14 info: [0mGET /acronym [32m200[0m 29.960 ms - 703[0m
2022-09-13 08:56:14 info: [0mGET /acronym?from=5&limit=5&search=0 [32m200[0m 9.051 ms - 28[0m
2022-09-13 08:56:14 info: [0mPOST /acronym [32m201[0m 16.829 ms - 52[0m
2022-09-13 08:56:14 info: [0mPOST /acronym [32m201[0m 4.470 ms - 60[0m
2022-09-13 08:56:14 error: [PUT] /acronym/KCU >> StatusCode:: 500, Message:: Cannot read properties of undefined (reading 'acronym')
2022-09-13 08:56:14 info: [0mPUT /acronym/KCU [31m500[0m 10.794 ms - 69[0m
2022-09-13 09:00:11 info: [0mGET /acronym [32m200[0m 31.078 ms - 703[0m
2022-09-13 09:00:11 info: [0mGET /acronym?from=5&limit=5&search=0 [32m200[0m 11.402 ms - 28[0m
2022-09-13 09:00:11 info: [0mPOST /acronym [32m201[0m 17.531 ms - 52[0m
2022-09-13 09:00:11 info: [0mPOST /acronym [32m201[0m 3.096 ms - 60[0m
2022-09-13 09:00:11 info: [0mPUT /acronym/KCU [32m200[0m 3.292 ms - 52[0m
2022-09-13 09:00:54 info: [0mGET /acronym [32m200[0m 31.580 ms - 703[0m
2022-09-13 09:00:54 info: [0mGET /acronym?from=5&limit=5&search=0 [32m200[0m 8.896 ms - 28[0m
2022-09-13 09:00:54 info: [0mPOST /acronym [32m201[0m 19.944 ms - 52[0m
2022-09-13 09:00:54 info: [0mPOST /acronym [32m201[0m 3.310 ms - 60[0m
2022-09-13 09:00:54 info: [0mPUT /acronym/KCU [32m200[0m 7.725 ms - 52[0m
2022-09-13 09:03:37 info: [0mGET /acronym [32m200[0m 39.403 ms - 703[0m
2022-09-13 09:03:37 info: [0mGET /acronym?from=5&limit=5&search=0 [32m200[0m 6.330 ms - 28[0m
2022-09-13 09:03:37 info: [0mPOST /acronym [32m201[0m 17.558 ms - 60[0m
2022-09-13 09:03:37 info: [0mPOST /acronym [32m201[0m 3.048 ms - 60[0m
2022-09-13 09:03:37 info: [0mPUT /acronym/KCU [32m200[0m 4.441 ms - 52[0m
2022-09-13 09:03:37 info: [0mPOST /acronym [32m201[0m 2.567 ms - 60[0m
2022-09-13 09:03:37 error: [DELETE] /acronym/KCU >> StatusCode:: 400, Message:: acronym must be a string, definition must be a string
2022-09-13 09:03:37 info: [0mDELETE /acronym/KCU [33m400[0m 8.768 ms - 67[0m
2022-09-13 09:04:39 info: [0mGET /acronym [32m200[0m 30.998 ms - 733[0m
2022-09-13 09:04:39 info: [0mGET /acronym?from=5&limit=5&search=0 [32m200[0m 15.830 ms - 28[0m
2022-09-13 09:04:39 error: [POST] /acronym >> StatusCode:: 409, Message:: This acronym KCU already exists
2022-09-13 09:04:39 info: [0mPOST /acronym [33m409[0m 25.515 ms - 45[0m
2022-09-13 09:04:39 info: [0mPOST /acronym [32m201[0m 3.139 ms - 60[0m
2022-09-13 09:04:39 info: [0mPUT /acronym/UCK [32m200[0m 7.622 ms - 52[0m
2022-09-13 09:04:39 error: [POST] /acronym >> StatusCode:: 409, Message:: This acronym KCU already exists
2022-09-13 09:04:39 info: [0mPOST /acronym [33m409[0m 10.964 ms - 45[0m
2022-09-13 09:05:02 info: [0mGET /acronym [32m200[0m 41.410 ms - 703[0m
2022-09-13 09:05:02 info: [0mGET /acronym?from=5&limit=5&search=0 [32m200[0m 8.999 ms - 28[0m
2022-09-13 09:05:02 info: [0mPOST /acronym [32m201[0m 26.155 ms - 60[0m
2022-09-13 09:05:02 info: [0mPOST /acronym [32m201[0m 4.951 ms - 60[0m
2022-09-13 09:05:02 info: [0mPUT /acronym/UCK [32m200[0m 3.581 ms - 52[0m
2022-09-13 09:05:02 info: [0mPOST /acronym [32m201[0m 2.654 ms - 60[0m
2022-09-13 09:05:02 error: [DELETE] /acronym/KCU >> StatusCode:: 400, Message:: acronym must be a string, definition must be a string
2022-09-13 09:05:02 info: [0mDELETE /acronym/KCU [33m400[0m 12.375 ms - 67[0m
2022-09-13 09:08:04 info: [0mGET /acronym [32m200[0m 42.199 ms - 703[0m
2022-09-13 09:08:04 info: [0mGET /acronym?from=5&limit=5&search=0 [32m200[0m 8.571 ms - 28[0m
2022-09-13 09:08:04 info: [0mPOST /acronym [32m201[0m 16.283 ms - 60[0m
2022-09-13 09:08:04 info: [0mPOST /acronym [32m201[0m 3.997 ms - 60[0m
2022-09-13 09:08:04 info: [0mPUT /acronym/UCK [32m200[0m 3.944 ms - 52[0m
2022-09-13 09:08:04 info: [0mPOST /acronym [32m201[0m 8.895 ms - 60[0m
2022-09-13 09:08:04 info: [0mDELETE /acronym/KCU [32m200[0m 2.037 ms - 706[0m
2022-09-13 09:17:59 info: =================================
2022-09-13 09:17:59 info: ======= ENV: development =======
2022-09-13 09:17:59 info: 🚀 App listening on the port 3000
2022-09-13 09:17:59 info: =================================
2022-09-13 09:18:59 info: [0mGET /acronym [32m200[0m 40.544 ms - 733[0m
2022-09-13 09:18:59 info: [0mGET /acronym?from=5&limit=5&search=0 [32m200[0m 13.875 ms - 28[0m
2022-09-13 09:18:59 error: [POST] /acronym >> StatusCode:: 409, Message:: This acronym KCU already exists
2022-09-13 09:19:00 info: [0mPOST /acronym [33m409[0m 26.523 ms - 45[0m
2022-09-13 09:19:00 info: [0mPOST /acronym [32m201[0m 3.416 ms - 60[0m
2022-09-13 09:19:00 info: [0mPUT /acronym/UCK [32m200[0m 3.735 ms - 52[0m
2022-09-13 09:19:00 info: [0mDELETE /acronym/UCK [32m200[0m 1.525 ms - 736[0m
2022-09-13 09:19:00 error: [POST] /acronym >> StatusCode:: 409, Message:: This acronym KCU already exists
2022-09-13 09:19:00 info: [0mPOST /acronym [33m409[0m 11.046 ms - 45[0m
2022-09-13 09:20:01 info: [0mGET /acronym [32m200[0m 43.489 ms - 703[0m
2022-09-13 09:20:01 info: [0mGET /acronym?from=5&limit=5&search=0 [32m200[0m 6.483 ms - 28[0m
2022-09-13 09:20:01 info: [0mPOST /acronym [32m201[0m 19.895 ms - 60[0m
2022-09-13 09:20:01 info: [0mDELETE /acronym/KCU [32m200[0m 1.406 ms - 706[0m
2022-09-13 09:20:01 info: [0mPOST /acronym [32m201[0m 5.206 ms - 60[0m
2022-09-13 09:20:01 info: [0mPUT /acronym/UCK [32m200[0m 5.162 ms - 52[0m
2022-09-13 09:20:02 info: [0mDELETE /acronym/UCK [32m200[0m 0.926 ms - 706[0m
2022-09-13 09:20:02 info: [0mPOST /acronym [32m201[0m 2.823 ms - 60[0m
2022-09-13 09:20:02 info: [0mDELETE /acronym/KCU [32m200[0m 1.576 ms - 706[0m
2022-09-13 09:21:33 info: =================================
2022-09-13 09:21:33 info: ======= ENV: development =======
2022-09-13 09:21:33 info: 🚀 App listening on the port 3000
2022-09-13 09:21:33 info: =================================
2022-09-13 09:22:18 info: [0mGET /api-docs [36m301[0m 6.164 ms - 183[0m
2022-09-13 09:22:18 info: [0mGET /api-docs/ [32m200[0m 5.403 ms - -[0m
2022-09-13 09:22:18 info: [0mGET /api-docs/swagger-ui-init.js [32m200[0m 1.325 ms - -[0m
2022-09-13 09:22:18 info: [0mGET /api-docs/swagger-ui.css [32m200[0m 12.336 ms - -[0m
2022-09-13 09:22:18 info: [0mGET /api-docs/swagger-ui-standalone-preset.js [32m200[0m 10.005 ms - -[0m
2022-09-13 09:22:18 info: [0mGET /api-docs/swagger-ui-bundle.js [32m200[0m 11.282 ms - -[0m
2022-09-13 09:22:18 info: [0mGET /api-docs/favicon-32x32.png [32m200[0m 0.728 ms - 628[0m
2022-09-13 09:22:18 info: [0mGET /api-docs/favicon-32x32.png [36m304[0m 1.425 ms - -[0m
2022-09-13 09:23:45 info: [0mGET /api-docs/ [36m304[0m 1.046 ms - -[0m
2022-09-13 09:23:45 info: [0mGET /api-docs/swagger-ui.css [36m304[0m 1.819 ms - -[0m
2022-09-13 09:23:45 info: [0mGET /api-docs/swagger-ui-bundle.js [36m304[0m 0.580 ms - -[0m
2022-09-13 09:23:45 info: [0mGET /api-docs/swagger-ui-init.js [36m304[0m 0.364 ms - -[0m
2022-09-13 09:23:45 info: [0mGET /api-docs/swagger-ui-standalone-preset.js [36m304[0m 3.530 ms - -[0m
2022-09-13 09:23:45 info: [0mGET /api-docs/favicon-32x32.png [36m304[0m 0.979 ms - -[0m
2022-09-13 09:23:45 info: [0mGET /api-docs/favicon-32x32.png [36m304[0m 0.764 ms - -[0m
2022-09-13 09:24:30 info: [0mGET /api-docs/ [36m304[0m 1.057 ms - -[0m
2022-09-13 09:24:30 info: [0mGET /api-docs/swagger-ui.css [36m304[0m 3.060 ms - -[0m
2022-09-13 09:24:30 info: [0mGET /api-docs/swagger-ui-bundle.js [36m304[0m 3.355 ms - -[0m
2022-09-13 09:24:30 info: [0mGET /api-docs/swagger-ui-init.js [36m304[0m 0.316 ms - -[0m
2022-09-13 09:24:30 info: [0mGET /api-docs/swagger-ui-standalone-preset.js [36m304[0m 2.260 ms - -[0m
2022-09-13 09:24:30 info: [0mGET /api-docs/favicon-32x32.png [36m304[0m 0.799 ms - -[0m
2022-09-13 09:24:30 info: [0mGET /api-docs/favicon-32x32.png [36m304[0m 0.684 ms - -[0m
2022-09-13 09:24:34 info: [0mGET /api-docs/ [36m304[0m 0.748 ms - -[0m
2022-09-13 09:24:34 info: [0mGET /api-docs/swagger-ui-init.js [36m304[0m 1.259 ms - -[0m
2022-09-13 09:24:34 info: [0mGET /api-docs/swagger-ui.css [36m304[0m 12.116 ms - -[0m
2022-09-13 09:24:34 info: [0mGET /api-docs/swagger-ui-bundle.js [36m304[0m 14.121 ms - -[0m
2022-09-13 09:24:34 info: [0mGET /api-docs/swagger-ui-standalone-preset.js [36m304[0m 12.343 ms - -[0m
2022-09-13 09:24:34 info: [0mGET /api-docs/favicon-32x32.png [36m304[0m 0.490 ms - -[0m
2022-09-13 09:24:34 info: [0mGET /api-docs/favicon-32x32.png [36m304[0m 0.581 ms - -[0m
2022-09-13 09:24:39 info: [0mGET /api-docs/ [36m304[0m 0.764 ms - -[0m
2022-09-13 09:24:39 info: [0mGET /api-docs/swagger-ui.css [36m304[0m 1.649 ms - -[0m
2022-09-13 09:24:39 info: [0mGET /api-docs/swagger-ui-init.js [36m304[0m 1.813 ms - -[0m
2022-09-13 09:24:39 info: [0mGET /api-docs/swagger-ui-bundle.js [36m304[0m 4.268 ms - -[0m
2022-09-13 09:24:39 info: [0mGET /api-docs/swagger-ui-standalone-preset.js [36m304[0m 4.472 ms - -[0m
2022-09-13 09:24:39 info: [0mGET /api-docs/favicon-32x32.png [36m304[0m 0.418 ms - -[0m
2022-09-13 09:25:01 info: =================================
2022-09-13 09:25:01 info: ======= ENV: development =======
2022-09-13 09:25:01 info: 🚀 App listening on the port 3000
2022-09-13 09:25:01 info: =================================
2022-09-13 09:25:01 info: [0mGET /api-docs/ [36m304[0m 5.928 ms - -[0m
2022-09-13 09:25:01 info: [0mGET /api-docs/swagger-ui.css [36m304[0m 3.837 ms - -[0m
2022-09-13 09:25:01 info: [0mGET /api-docs/swagger-ui-bundle.js [36m304[0m 4.272 ms - -[0m
2022-09-13 09:25:01 info: [0mGET /api-docs/swagger-ui-standalone-preset.js [36m304[0m 4.401 ms - -[0m
2022-09-13 09:25:01 info: [0mGET /api-docs/swagger-ui-init.js [32m200[0m 1.915 ms - -[0m
2022-09-13 09:25:01 info: [0mGET /api-docs/favicon-32x32.png [36m304[0m 1.521 ms - -[0m
2022-09-13 09:25:01 info: [0mGET /api-docs/favicon-32x32.png [36m304[0m 0.672 ms - -[0m
2022-09-13 09:28:01 info: [0mGET /api-docs/ [36m304[0m 1.025 ms - -[0m
2022-09-13 09:28:02 info: [0mGET /api-docs/swagger-ui.css [36m304[0m 2.629 ms - -[0m
2022-09-13 09:28:02 info: [0mGET /api-docs/swagger-ui-init.js [36m304[0m 0.319 ms - -[0m
2022-09-13 09:28:02 info: [0mGET /api-docs/swagger-ui-bundle.js [36m304[0m 4.434 ms - -[0m
2022-09-13 09:28:02 info: [0mGET /api-docs/swagger-ui-standalone-preset.js [36m304[0m 5.616 ms - -[0m
2022-09-13 09:28:02 info: [0mGET /api-docs/favicon-32x32.png [36m304[0m 1.745 ms - -[0m
2022-09-13 09:28:02 info: [0mGET /api-docs/favicon-32x32.png [36m304[0m 1.565 ms - -[0m
2022-09-13 09:28:19 info: =================================
2022-09-13 09:28:19 info: ======= ENV: development =======
2022-09-13 09:28:19 info: 🚀 App listening on the port 3000
2022-09-13 09:28:19 info: =================================
2022-09-13 09:28:19 info: [0mGET /api-docs/ [36m304[0m 7.781 ms - -[0m
2022-09-13 09:28:19 info: [0mGET /api-docs/swagger-ui.css [36m304[0m 3.035 ms - -[0m
2022-09-13 09:28:19 info: [0mGET /api-docs/swagger-ui-bundle.js [36m304[0m 2.987 ms - -[0m
2022-09-13 09:28:19 info: [0mGET /api-docs/swagger-ui-standalone-preset.js [36m304[0m 4.144 ms - -[0m
2022-09-13 09:28:19 info: [0mGET /api-docs/swagger-ui-init.js [32m200[0m 3.295 ms - -[0m
2022-09-13 09:28:19 info: [0mGET /api-docs/favicon-32x32.png [36m304[0m 0.527 ms - -[0m
2022-09-13 09:28:20 info: [0mGET /api-docs/favicon-32x32.png [36m304[0m 1.040 ms - -[0m
2022-09-13 15:31:31 info: =================================
2022-09-13 15:31:31 info: ======= ENV: development =======
2022-09-13 15:31:31 info: 🚀 App listening on the port 3000
2022-09-13 15:31:31 info: =================================
2022-09-13 15:37:18 info: =================================
2022-09-13 15:37:18 info: ======= ENV: development =======
2022-09-13 15:37:18 info: 🚀 App listening on the port 3000
2022-09-13 15:37:18 info: =================================
2022-09-13 15:37:26 info: =================================
2022-09-13 15:37:26 info: ======= ENV: development =======
2022-09-13 15:37:26 info: 🚀 App listening on the port 3000
2022-09-13 15:37:26 info: =================================
2022-09-13 16:35:31 info: =================================
2022-09-13 16:35:31 info: ======= ENV: development =======
2022-09-13 16:35:31 info: 🚀 App listening on the port 3000
2022-09-13 16:35:31 info: =================================
